<?xml version="1.0" encoding="UTF-8"?>
<!-- Generated by org.testng.reporters.JUnitReportReporter -->
<testsuite hostname="Prasannas-MacBook-Pro.local" failures="0" tests="5" name="com.info6255.group4.selenium.SeleniumTests" time="176.742" errors="0" timestamp="2022-11-17T10:13:28 EST" skipped="0">
  <testcase classname="com.info6255.group4.selenium.SeleniumTests" name="scenario1Test" time="32.586"/>
  <system-out/>
  <testcase classname="com.info6255.group4.selenium.SeleniumTests" name="scenario2Test" time="33.985"/>
  <system-out/>
  <testcase classname="com.info6255.group4.selenium.SeleniumTests" name="scenario3Test" time="41.105"/>
  <system-out/>
  <testcase classname="com.info6255.group4.selenium.SeleniumTests" name="scenario4Test" time="26.533"/>
  <system-out/>
  <testcase classname="com.info6255.group4.selenium.SeleniumTests" name="scenario5Test" time="42.533"/>
  <system-out/>
</testsuite> <!-- com.info6255.group4.selenium.SeleniumTests -->
