<?xml version="1.0" encoding="UTF-8"?>
<!-- Generated by org.testng.reporters.JUnitReportReporter -->
<testsuite hostname="Prasannas-MacBook-Pro.local" failures="0" tests="1" name="com.info6255.group6.selenium.AppTest" time="0.002" errors="0" timestamp="2022-11-13T17:39:45 EST" skipped="0">
  <testcase classname="com.info6255.group6.selenium.AppTest" name="testApp" time="0.002"/>
  <system-out/>
</testsuite> <!-- com.info6255.group6.selenium.AppTest -->
