<?xml version="1.0" encoding="UTF-8"?>
<!-- Generated by org.testng.reporters.JUnitReportReporter -->
<testsuite hostname="Prasannas-MacBook-Pro.local" failures="0" tests="1" name="com.info6255.group4.selenium.AppTest" time="0.009" errors="0" timestamp="2022-11-17T10:13:28 EST" skipped="0">
  <testcase classname="com.info6255.group4.selenium.AppTest" name="testApp" time="0.009"/>
  <system-out/>
</testsuite> <!-- com.info6255.group4.selenium.AppTest -->
