<?xml version="1.0" encoding="UTF-8"?>
<!-- Generated by org.testng.reporters.JUnitReportReporter -->
<testsuite hostname="Prasannas-MacBook-Pro.local" failures="0" tests="1" name="com.info6255.group6.selenium.SeleniumTests" time="26.640" errors="0" timestamp="2022-11-13T17:39:45 EST" skipped="0">
  <testcase classname="com.info6255.group6.selenium.SeleniumTests" name="scenario1Test" time="26.640"/>
  <system-out/>
</testsuite> <!-- com.info6255.group6.selenium.SeleniumTests -->
